<?xml version="1.0" encoding="UTF-8"?>
<testsuite name="com.example.DatastoreTest" tests="1" skipped="0" failures="0" errors="0" timestamp="2020-05-14T12:50:35" hostname="LAPTOP-NJO6JUQT" time="1.87">
  <properties/>
  <testcase name="testEmailService" classname="com.example.DatastoreTest" time="1.87"/>
  <system-out><![CDATA[]]></system-out>
  <system-err><![CDATA[SLF4J: Failed to load class "org.slf4j.impl.StaticLoggerBinder".
SLF4J: Defaulting to no-operation (NOP) logger implementation
SLF4J: See http://www.slf4j.org/codes.html#StaticLoggerBinder for further details.
May 14, 2020 2:50:35 PM com.google.auth.oauth2.DefaultCredentialsProvider warnAboutProblematicCredentials
WARNING: Your application has authenticated using end user credentials from Google Cloud SDK. We recommend that most server applications use service accounts instead. If your application continues to use end user credentials from Cloud SDK, you might receive a "quota exceeded" or "API not enabled" error. For more information about service accounts, see https://cloud.google.com/docs/authentication/.
]]></system-err>
</testsuite>
