<?xml version="1.0" encoding="UTF-8"?>
<testsuite name="com.example.DatastoreTest" tests="1" skipped="0" failures="0" errors="0" timestamp="2020-05-19T13:02:30" hostname="LAPTOP-NJO6JUQT" time="0.961">
  <properties/>
  <testcase name="testDatastore" classname="com.example.DatastoreTest" time="0.961"/>
  <system-out><![CDATA[]]></system-out>
  <system-err><![CDATA[]]></system-err>
</testsuite>
